<?xml version="1.0" encoding="UTF-8"?>
<beans xmlns="http://www.springframework.org/schema/beans"
   xmlns:xsi="http://www.w3.org/2001/XMLSchema-instance"
   xmlns:context="http://www.springframework.org/schema/context"
   xsi:schemaLocation="
       http://www.springframework.org/schema/beans http://www.springframework.org/schema/beans/spring-beans.xsd
       http://www.springframework.org/schema/context http://www.springframework.org/schema/context/spring-context.xsd
   ">

    <import resource="classpath:/META-INF/spring/sample-todo-unittest-domain.xml" />

    <context:property-placeholder
            location="classpath*:/META-INF/spring/*.properties" />

    <bean id="exceptionLogger" class="org.terasoluna.gfw.common.exception.ExceptionLogger" />

    <bean id="beanMapper" class="org.dozer.spring.DozerBeanMapperFactoryBean">
        <property name="mappingFiles"
            value="classpath*:/META-INF/dozer/**/*-mapping.xml" />
    </bean>

    <bean id="validator"
      class="org.springframework.validation.beanvalidation.LocalValidatorFactoryBean"/>
    
    <bean id="jdbcTemplate" class="org.springframework.jdbc.core.JdbcTemplate">
        <property name="dataSource" ref="dataSource" />
    </bean>
    
</beans>
